Release 14.7 - xst P.20131013 (lin64)
Copyright (c) 1995-2013 Xilinx, Inc.  All rights reserved.
--> 
Parameter TMPDIR set to xst/projnav.tmp


Total REAL time to Xst completion: 0.00 secs
Total CPU time to Xst completion: 0.04 secs
 
--> 
Parameter xsthdpdir set to xst


Total REAL time to Xst completion: 0.00 secs
Total CPU time to Xst completion: 0.04 secs
 
--> 
Reading design: Complete_CPU.prj

TABLE OF CONTENTS
  1) Synthesis Options Summary
  2) HDL Parsing
  3) HDL Elaboration
  4) HDL Synthesis
       4.1) HDL Synthesis Report
  5) Advanced HDL Synthesis
       5.1) Advanced HDL Synthesis Report
  6) Low Level Synthesis
  7) Partition Report
  8) Design Summary
       8.1) Primitive and Black Box Usage
       8.2) Device utilization summary
       8.3) Partition Resource Summary
       8.4) Timing Report
            8.4.1) Clock Information
            8.4.2) Asynchronous Control Signals Information
            8.4.3) Timing Summary
            8.4.4) Timing Details
            8.4.5) Cross Clock Domains Report


=========================================================================
*                      Synthesis Options Summary                        *
=========================================================================
---- Source Parameters
Input File Name                    : "Complete_CPU.prj"
Ignore Synthesis Constraint File   : NO

---- Target Parameters
Output File Name                   : "Complete_CPU"
Output Format                      : NGC
Target Device                      : xc7a100t-3-csg324

---- Source Options
Top Module Name                    : Complete_CPU
Automatic FSM Extraction           : YES
FSM Encoding Algorithm             : Auto
Safe Implementation                : No
FSM Style                          : LUT
RAM Extraction                     : Yes
RAM Style                          : Auto
ROM Extraction                     : Yes
Shift Register Extraction          : YES
ROM Style                          : Auto
Resource Sharing                   : YES
Asynchronous To Synchronous        : NO
Shift Register Minimum Size        : 2
Use DSP Block                      : Auto
Automatic Register Balancing       : No

---- Target Options
LUT Combining                      : Auto
Reduce Control Sets                : Auto
Add IO Buffers                     : YES
Global Maximum Fanout              : 100000
Add Generic Clock Buffer(BUFG)     : 32
Register Duplication               : YES
Optimize Instantiated Primitives   : NO
Use Clock Enable                   : Auto
Use Synchronous Set                : Auto
Use Synchronous Reset              : Auto
Pack IO Registers into IOBs        : Auto
Equivalent register Removal        : YES

---- General Options
Optimization Goal                  : Speed
Optimization Effort                : 1
Power Reduction                    : NO
Keep Hierarchy                     : No
Netlist Hierarchy                  : As_Optimized
RTL Output                         : Yes
Global Optimization                : AllClockNets
Read Cores                         : YES
Write Timing Constraints           : NO
Cross Clock Analysis               : NO
Hierarchy Separator                : /
Bus Delimiter                      : <>
Case Specifier                     : Maintain
Slice Utilization Ratio            : 100
BRAM Utilization Ratio             : 100
DSP48 Utilization Ratio            : 100
Auto BRAM Packing                  : NO
Slice Utilization Ratio Delta      : 5

=========================================================================


=========================================================================
*                          HDL Parsing                                  *
=========================================================================
Analyzing Verilog file "/home/ise/CPU_Project/ROM.v" into library work
Parsing module <ROM>.
Analyzing Verilog file "/home/ise/CPU_Project/Register_8bits.v" into library work
Parsing module <Register_8bits>.
Analyzing Verilog file "/home/ise/CPU_Project/PC.v" into library work
Parsing module <PC>.
Analyzing Verilog file "/home/ise/CPU_Project/mux2to1.v" into library work
Parsing module <mux2to1_8bits>.
Analyzing Verilog file "/home/ise/CPU_Project/JSM.v" into library work
Parsing module <JSM>.
Analyzing Verilog file "/home/ise/CPU_Project/IR.v" into library work
Parsing module <IR>.
Analyzing Verilog file "/home/ise/CPU_Project/incrementPC.v" into library work
Parsing module <incrementPC>.
Analyzing Verilog file "/home/ise/CPU_Project/ALU.v" into library work
Parsing module <ALU>.
Analyzing Verilog file "/home/ise/CPU_Project/Datapath.v" into library work
Parsing module <Datapath>.
Analyzing Verilog file "/home/ise/CPU_Project/Control_Unit.v" into library work
Parsing module <ControlUnit>.
WARNING:HDLCompiler:751 - "/home/ise/CPU_Project/Control_Unit.v" Line 20: Redeclaration of ansi port IR_CU is not allowed
Analyzing Verilog file "/home/ise/CPU_Project/Complete_CPU.v" into library work
Parsing module <Complete_CPU>.

=========================================================================
*                            HDL Elaboration                            *
=========================================================================
WARNING:HDLCompiler:25 - "/home/ise/CPU_Project/Complete_CPU.v" Line 21: Module <Datapath> does not have a port named <ANSload>.
WARNING:HDLCompiler:1016 - "/home/ise/CPU_Project/Complete_CPU.v" Line 21: Port Ansload is not connected to this instance

Elaborating module <Complete_CPU>.

Elaborating module <ControlUnit>.

Elaborating module <Datapath>.

Elaborating module <mux2to1_8bits>.

Elaborating module <Register_8bits>.

Elaborating module <ALU>.

Elaborating module <IR>.

Elaborating module <JSM>.
WARNING:HDLCompiler:91 - "/home/ise/CPU_Project/JSM.v" Line 15: Signal <in2> missing in the sensitivity list is added for synthesis purposes. HDL and post-synthesis simulations may differ as a result.

Elaborating module <PC>.

Elaborating module <incrementPC>.

Elaborating module <ROM>.
WARNING:HDLCompiler:634 - "/home/ise/CPU_Project/ROM.v" Line 9: Net <rom[15][7]> does not have a driver.
WARNING:HDLCompiler:634 - "/home/ise/CPU_Project/Datapath.v" Line 26: Net <KeepA[7]> does not have a driver.
ERROR:HDLCompiler:267 - "/home/ise/CPU_Project/Complete_CPU.v" Line 21: Cannot find port ANSload on this module
Module Complete_CPU remains a blackbox, due to errors in its contents
WARNING:HDLCompiler:1499 - "/home/ise/CPU_Project/Complete_CPU.v" Line 3: Empty module <Complete_CPU> remains a black box.
--> 


Total memory usage is 442796 kilobytes

Number of errors   :    1 (   0 filtered)
Number of warnings :    7 (   0 filtered)
Number of infos    :    0 (   0 filtered)

