Release 14.7 - xst P.20131013 (lin64)
Copyright (c) 1995-2013 Xilinx, Inc.  All rights reserved.
--> 
Parameter TMPDIR set to xst/projnav.tmp


Total REAL time to Xst completion: 0.00 secs
Total CPU time to Xst completion: 0.04 secs
 
--> 
Parameter xsthdpdir set to xst


Total REAL time to Xst completion: 0.00 secs
Total CPU time to Xst completion: 0.04 secs
 
--> 
Reading design: Datapath.prj

TABLE OF CONTENTS
  1) Synthesis Options Summary
  2) HDL Parsing
  3) HDL Elaboration
  4) HDL Synthesis
       4.1) HDL Synthesis Report
  5) Advanced HDL Synthesis
       5.1) Advanced HDL Synthesis Report
  6) Low Level Synthesis
  7) Partition Report
  8) Design Summary
       8.1) Primitive and Black Box Usage
       8.2) Device utilization summary
       8.3) Partition Resource Summary
       8.4) Timing Report
            8.4.1) Clock Information
            8.4.2) Asynchronous Control Signals Information
            8.4.3) Timing Summary
            8.4.4) Timing Details
            8.4.5) Cross Clock Domains Report


=========================================================================
*                      Synthesis Options Summary                        *
=========================================================================
---- Source Parameters
Input File Name                    : "Datapath.prj"
Ignore Synthesis Constraint File   : NO

---- Target Parameters
Output File Name                   : "Datapath"
Output Format                      : NGC
Target Device                      : xc7a100t-3-csg324

---- Source Options
Top Module Name                    : Datapath
Automatic FSM Extraction           : YES
FSM Encoding Algorithm             : Auto
Safe Implementation                : No
FSM Style                          : LUT
RAM Extraction                     : Yes
RAM Style                          : Auto
ROM Extraction                     : Yes
Shift Register Extraction          : YES
ROM Style                          : Auto
Resource Sharing                   : YES
Asynchronous To Synchronous        : NO
Shift Register Minimum Size        : 2
Use DSP Block                      : Auto
Automatic Register Balancing       : No

---- Target Options
LUT Combining                      : Auto
Reduce Control Sets                : Auto
Add IO Buffers                     : YES
Global Maximum Fanout              : 100000
Add Generic Clock Buffer(BUFG)     : 32
Register Duplication               : YES
Optimize Instantiated Primitives   : NO
Use Clock Enable                   : Auto
Use Synchronous Set                : Auto
Use Synchronous Reset              : Auto
Pack IO Registers into IOBs        : Auto
Equivalent register Removal        : YES

---- General Options
Optimization Goal                  : Speed
Optimization Effort                : 1
Power Reduction                    : NO
Keep Hierarchy                     : No
Netlist Hierarchy                  : As_Optimized
RTL Output                         : Yes
Global Optimization                : AllClockNets
Read Cores                         : YES
Write Timing Constraints           : NO
Cross Clock Analysis               : NO
Hierarchy Separator                : /
Bus Delimiter                      : <>
Case Specifier                     : Maintain
Slice Utilization Ratio            : 100
BRAM Utilization Ratio             : 100
DSP48 Utilization Ratio            : 100
Auto BRAM Packing                  : NO
Slice Utilization Ratio Delta      : 5

=========================================================================


=========================================================================
*                          HDL Parsing                                  *
=========================================================================
Analyzing Verilog file "/home/ise/CPU_Project/ROM.v" into library work
Parsing module <ROM>.
Analyzing Verilog file "/home/ise/CPU_Project/Register_8bits.v" into library work
Parsing module <Register_8bits>.
Analyzing Verilog file "/home/ise/CPU_Project/PC.v" into library work
Parsing module <PC>.
Analyzing Verilog file "/home/ise/CPU_Project/mux2to1.v" into library work
Parsing module <mux2to1_8bits>.
Analyzing Verilog file "/home/ise/CPU_Project/JSM.v" into library work
Parsing module <JSM>.
Analyzing Verilog file "/home/ise/CPU_Project/IR.v" into library work
Parsing module <IR>.
Analyzing Verilog file "/home/ise/CPU_Project/incrementPC.v" into library work
Parsing module <incrementPC>.
Analyzing Verilog file "/home/ise/CPU_Project/ALU.v" into library work
Parsing module <ALU>.
Analyzing Verilog file "/home/ise/CPU_Project/Datapath.v" into library work
Parsing module <Datapath>.

=========================================================================
*                            HDL Elaboration                            *
=========================================================================

Elaborating module <Datapath>.

Elaborating module <mux2to1_8bits>.

Elaborating module <Register_8bits>.

Elaborating module <ALU>.

Elaborating module <IR>.

Elaborating module <JSM>.

Elaborating module <PC>.

Elaborating module <incrementPC>.

Elaborating module <ROM>.
WARNING:HDLCompiler:634 - "/home/ise/CPU_Project/ROM.v" Line 9: Net <rom[15][7]> does not have a driver.
WARNING:HDLCompiler:634 - "/home/ise/CPU_Project/Datapath.v" Line 22: Net <KeepANSmux[7]> does not have a driver.

=========================================================================
*                           HDL Synthesis                               *
=========================================================================

Synthesizing Unit <Datapath>.
    Related source file is "/home/ise/CPU_Project/Datapath.v".
WARNING:Xst:653 - Signal <KeepANSmux> is used but never assigned. This sourceless signal will be automatically connected to value GND.
    Summary:
	no macro.
Unit <Datapath> synthesized.

Synthesizing Unit <mux2to1_8bits>.
    Related source file is "/home/ise/CPU_Project/mux2to1.v".
    Summary:
	inferred   1 Multiplexer(s).
Unit <mux2to1_8bits> synthesized.

Synthesizing Unit <Register_8bits>.
    Related source file is "/home/ise/CPU_Project/Register_8bits.v".
    Found 8-bit register for signal <out>.
    Found 8-bit register for signal <file>.
    Summary:
	inferred  16 D-type flip-flop(s).
Unit <Register_8bits> synthesized.

Synthesizing Unit <ALU>.
    Related source file is "/home/ise/CPU_Project/ALU.v".
    Found 8-bit subtractor for signal <A[7]_B[7]_sub_4_OUT[7:0]> created at line 16.
    Found 9-bit adder for signal <n0057> created at line 13.
    Found 8-bit 4-to-1 multiplexer for signal <ans> created at line 3.
    Summary:
	inferred   2 Adder/Subtractor(s).
	inferred   2 Multiplexer(s).
Unit <ALU> synthesized.

Synthesizing Unit <IR>.
    Related source file is "/home/ise/CPU_Project/IR.v".
    Found 4-bit register for signal <IR_DTP>.
    Found 4-bit register for signal <IR_CU>.
    Found 8-bit register for signal <IRout>.
    Summary:
	inferred  16 D-type flip-flop(s).
Unit <IR> synthesized.

Synthesizing Unit <JSM>.
    Related source file is "/home/ise/CPU_Project/JSM.v".
    Summary:
	inferred   1 Multiplexer(s).
Unit <JSM> synthesized.

Synthesizing Unit <PC>.
    Related source file is "/home/ise/CPU_Project/PC.v".
    Found 4-bit register for signal <Output>.
    Found 4-bit register for signal <pcreg>.
    Summary:
	inferred   8 D-type flip-flop(s).
Unit <PC> synthesized.

Synthesizing Unit <incrementPC>.
    Related source file is "/home/ise/CPU_Project/incrementPC.v".
    Found 4-bit adder for signal <OUT> created at line 8.
    Summary:
	inferred   1 Adder/Subtractor(s).
Unit <incrementPC> synthesized.

Synthesizing Unit <ROM>.
    Related source file is "/home/ise/CPU_Project/ROM.v".
WARNING:Xst:653 - Signal <rom<15>> is used but never assigned. This sourceless signal will be automatically connected to value GND.
WARNING:Xst:653 - Signal <rom<14>> is used but never assigned. This sourceless signal will be automatically connected to value GND.
WARNING:Xst:653 - Signal <rom<13>> is used but never assigned. This sourceless signal will be automatically connected to value GND.
WARNING:Xst:653 - Signal <rom<12>> is used but never assigned. This sourceless signal will be automatically connected to value GND.
WARNING:Xst:653 - Signal <rom<11>> is used but never assigned. This sourceless signal will be automatically connected to value GND.
WARNING:Xst:653 - Signal <rom<10>> is used but never assigned. This sourceless signal will be automatically connected to value GND.
WARNING:Xst:653 - Signal <rom<9>> is used but never assigned. This sourceless signal will be automatically connected to value GND.
WARNING:Xst:653 - Signal <rom<8>> is used but never assigned. This sourceless signal will be automatically connected to value GND.
WARNING:Xst:653 - Signal <rom<7>> is used but never assigned. This sourceless signal will be automatically connected to value GND.
WARNING:Xst:653 - Signal <rom<6>> is used but never assigned. This sourceless signal will be automatically connected to value GND.
    Found 8-bit register for signal <Output>.
    Found 16x8-bit Read Only RAM for signal <Address[3]_rom[15][7]_wide_mux_1_OUT>
    WARNING:Xst:2404 -  FFs/Latches <rom<5><6><0:0>> (without init value) have a constant value of 0 in block <ROM>.
    WARNING:Xst:2404 -  FFs/Latches <rom<5><5><6:6>> (without init value) have a constant value of 0 in block <ROM>.
    WARNING:Xst:2404 -  FFs/Latches <rom<5><4><5:5>> (without init value) have a constant value of 0 in block <ROM>.
    WARNING:Xst:2404 -  FFs/Latches <rom<5><3><0:0>> (without init value) have a constant value of 1 in block <ROM>.
    WARNING:Xst:2404 -  FFs/Latches <rom<5><2><3:3>> (without init value) have a constant value of 1 in block <ROM>.
    WARNING:Xst:2404 -  FFs/Latches <rom<5><1><2:2>> (without init value) have a constant value of 1 in block <ROM>.
    WARNING:Xst:2404 -  FFs/Latches <rom<5><0><1:1>> (without init value) have a constant value of 1 in block <ROM>.
    WARNING:Xst:2404 -  FFs/Latches <rom<4><7><4:4>> (without init value) have a constant value of 0 in block <ROM>.
    WARNING:Xst:2404 -  FFs/Latches <rom<4><6><0:0>> (without init value) have a constant value of 1 in block <ROM>.
    WARNING:Xst:2404 -  FFs/Latches <rom<4><5><6:6>> (without init value) have a constant value of 1 in block <ROM>.
    WARNING:Xst:2404 -  FFs/Latches <rom<4><4><5:5>> (without init value) have a constant value of 1 in block <ROM>.
    WARNING:Xst:2404 -  FFs/Latches <rom<4><3><7:7>> (without init value) have a constant value of 0 in block <ROM>.
    WARNING:Xst:2404 -  FFs/Latches <rom<4><2><3:3>> (without init value) have a constant value of 0 in block <ROM>.
    WARNING:Xst:2404 -  FFs/Latches <rom<4><1><4:4>> (without init value) have a constant value of 1 in block <ROM>.
    WARNING:Xst:2404 -  FFs/Latches <rom<4><0><2:2>> (without init value) have a constant value of 0 in block <ROM>.
    WARNING:Xst:2404 -  FFs/Latches <rom<3><7><0:0>> (without init value) have a constant value of 0 in block <ROM>.
    WARNING:Xst:2404 -  FFs/Latches <rom<3><6><1:1>> (without init value) have a constant value of 1 in block <ROM>.
    WARNING:Xst:2404 -  FFs/Latches <rom<3><5><6:6>> (without init value) have a constant value of 1 in block <ROM>.
    WARNING:Xst:2404 -  FFs/Latches <rom<3><4><7:7>> (without init value) have a constant value of 0 in block <ROM>.
    WARNING:Xst:2404 -  FFs/Latches <rom<3><3><4:4>> (without init value) have a constant value of 0 in block <ROM>.
    WARNING:Xst:2404 -  FFs/Latches <rom<3><2><3:3>> (without init value) have a constant value of 0 in block <ROM>.
    WARNING:Xst:2404 -  FFs/Latches <rom<3><1><2:2>> (without init value) have a constant value of 0 in block <ROM>.
    WARNING:Xst:2404 -  FFs/Latches <rom<3><0><1:1>> (without init value) have a constant value of 0 in block <ROM>.
    WARNING:Xst:2404 -  FFs/Latches <rom<2><7><0:0>> (without init value) have a constant value of 0 in block <ROM>.
    WARNING:Xst:2404 -  FFs/Latches <rom<2><6><5:5>> (without init value) have a constant value of 1 in block <ROM>.
    WARNING:Xst:2404 -  FFs/Latches <rom<2><5><7:7>> (without init value) have a constant value of 0 in block <ROM>.
    WARNING:Xst:2404 -  FFs/Latches <rom<2><4><6:6>> (without init value) have a constant value of 1 in block <ROM>.
    WARNING:Xst:2404 -  FFs/Latches <rom<2><3><5:5>> (without init value) have a constant value of 0 in block <ROM>.
    WARNING:Xst:2404 -  FFs/Latches <rom<2><2><3:3>> (without init value) have a constant value of 0 in block <ROM>.
    WARNING:Xst:2404 -  FFs/Latches <rom<2><1><2:2>> (without init value) have a constant value of 0 in block <ROM>.
    WARNING:Xst:2404 -  FFs/Latches <rom<2><0><1:1>> (without init value) have a constant value of 0 in block <ROM>.
    WARNING:Xst:2404 -  FFs/Latches <rom<1><7><0:0>> (without init value) have a constant value of 0 in block <ROM>.
    WARNING:Xst:2404 -  FFs/Latches <rom<1><6><4:4>> (without init value) have a constant value of 1 in block <ROM>.
    WARNING:Xst:2404 -  FFs/Latches <rom<1><5><7:7>> (without init value) have a constant value of 0 in block <ROM>.
    WARNING:Xst:2404 -  FFs/Latches <rom<1><4><5:5>> (without init value) have a constant value of 0 in block <ROM>.
    WARNING:Xst:2404 -  FFs/Latches <rom<1><3><4:4>> (without init value) have a constant value of 0 in block <ROM>.
    WARNING:Xst:2404 -  FFs/Latches <rom<1><2><3:3>> (without init value) have a constant value of 0 in block <ROM>.
    WARNING:Xst:2404 -  FFs/Latches <rom<1><1><2:2>> (without init value) have a constant value of 0 in block <ROM>.
    WARNING:Xst:2404 -  FFs/Latches <rom<1><0><1:1>> (without init value) have a constant value of 0 in block <ROM>.
    WARNING:Xst:2404 -  FFs/Latches <rom<0><7><0:0>> (without init value) have a constant value of 0 in block <ROM>.
    WARNING:Xst:2404 -  FFs/Latches <rom<0><6><7:7>> (without init value) have a constant value of 0 in block <ROM>.
    WARNING:Xst:2404 -  FFs/Latches <rom<0><5><6:6>> (without init value) have a constant value of 1 in block <ROM>.
    WARNING:Xst:2404 -  FFs/Latches <rom<0><4><5:5>> (without init value) have a constant value of 1 in block <ROM>.
    WARNING:Xst:2404 -  FFs/Latches <rom<0><3><6:6>> (without init value) have a constant value of 0 in block <ROM>.
    WARNING:Xst:2404 -  FFs/Latches <rom<0><2><3:3>> (without init value) have a constant value of 0 in block <ROM>.
    WARNING:Xst:2404 -  FFs/Latches <rom<0><1><2:2>> (without init value) have a constant value of 0 in block <ROM>.
    WARNING:Xst:2404 -  FFs/Latches <rom<0><0><1:1>> (without init value) have a constant value of 0 in block <ROM>.
    WARNING:Xst:2404 -  FFs/Latches <rom<5><7><4:4>> (without init value) have a constant value of 1 in block <ROM>.
    Summary:
	inferred   1 RAM(s).
	inferred   8 D-type flip-flop(s).
Unit <ROM> synthesized.

=========================================================================
HDL Synthesis Report

Macro Statistics
# RAMs                                                 : 1
 16x8-bit single-port Read Only RAM                    : 1
# Adders/Subtractors                                   : 3
 4-bit adder                                           : 1
 8-bit subtractor                                      : 1
 9-bit adder                                           : 1
# Registers                                            : 10
 4-bit register                                        : 4
 8-bit register                                        : 6
# Multiplexers                                         : 4
 1-bit 2-to-1 multiplexer                              : 1
 4-bit 2-to-1 multiplexer                              : 1
 8-bit 2-to-1 multiplexer                              : 1
 8-bit 4-to-1 multiplexer                              : 1

=========================================================================

=========================================================================
*                       Advanced HDL Synthesis                          *
=========================================================================


Synthesizing (advanced) Unit <ROM>.
INFO:Xst:3231 - The small RAM <Mram_Address[3]_rom[15][7]_wide_mux_1_OUT> will be implemented on LUTs in order to maximize performance and save block RAM resources. If you want to force its implementation on block, use option/constraint ram_style.
    -----------------------------------------------------------------------
    | ram_type           | Distributed                         |          |
    -----------------------------------------------------------------------
    | Port A                                                              |
    |     aspect ratio   | 16-word x 8-bit                     |          |
    |     weA            | connected to signal <GND>           | high     |
    |     addrA          | connected to signal <Address>       |          |
    |     diA            | connected to signal <GND>           |          |
    |     doA            | connected to internal node          |          |
    -----------------------------------------------------------------------
Unit <ROM> synthesized (advanced).

=========================================================================
Advanced HDL Synthesis Report

Macro Statistics
# RAMs                                                 : 1
 16x8-bit single-port distributed Read Only RAM        : 1
# Adders/Subtractors                                   : 3
 4-bit adder                                           : 1
 8-bit subtractor                                      : 1
 9-bit adder                                           : 1
# Registers                                            : 64
 Flip-Flops                                            : 64
# Multiplexers                                         : 3
 4-bit 2-to-1 multiplexer                              : 1
 8-bit 2-to-1 multiplexer                              : 1
 8-bit 4-to-1 multiplexer                              : 1

=========================================================================

=========================================================================
*                         Low Level Synthesis                           *
=========================================================================
INFO:Xst:2261 - The FF/Latch <Output_0> in Unit <ROM> is equivalent to the following 3 FFs/Latches, which will be removed : <Output_2> <Output_3> <Output_7> 

Optimizing unit <Datapath> ...

Optimizing unit <Register_8bits> ...

Optimizing unit <ALU> ...

Optimizing unit <IR> ...

Optimizing unit <PC> ...

Optimizing unit <ROM> ...
INFO:Xst:2261 - The FF/Latch <ThisIR/IR_DTP_3> in Unit <Datapath> is equivalent to the following 3 FFs/Latches, which will be removed : <ThisIR/IR_DTP_2> <ThisIR/IR_DTP_0> <ThisIR/IR_CU_3> 
INFO:Xst:2261 - The FF/Latch <ThisIR/IRout_7> in Unit <Datapath> is equivalent to the following 3 FFs/Latches, which will be removed : <ThisIR/IRout_3> <ThisIR/IRout_2> <ThisIR/IRout_0> 

Mapping all equations...
Building and optimizing final netlist ...
Found area constraint ratio of 100 (+ 5) on block Datapath, actual ratio is 0.

Final Macro Processing ...

=========================================================================
Final Register Report

Macro Statistics
# Registers                                            : 55
 Flip-Flops                                            : 55

=========================================================================

=========================================================================
*                           Partition Report                            *
=========================================================================

Partition Implementation Status
-------------------------------

  No Partitions were found in this design.

-------------------------------

=========================================================================
*                            Design Summary                             *
=========================================================================

Top Level Output File Name         : Datapath.ngc

Primitive and Black Box Usage:
------------------------------
# BELS                             : 56
#      GND                         : 1
#      LUT2                        : 28
#      LUT3                        : 2
#      LUT4                        : 6
#      LUT5                        : 1
#      LUT6                        : 1
#      MUXCY                       : 15
#      VCC                         : 1
#      XORCY                       : 1
# FlipFlops/Latches                : 55
#      FD                          : 30
#      FDRE                        : 25
# Clock Buffers                    : 1
#      BUFGP                       : 1
# IO Buffers                       : 39
#      IBUF                        : 25
#      OBUF                        : 14

Device utilization summary:
---------------------------

Selected Device : 7a100tcsg324-3 


Slice Logic Utilization: 
 Number of Slice Registers:              55  out of  126800     0%  
 Number of Slice LUTs:                   38  out of  63400     0%  
    Number used as Logic:                38  out of  63400     0%  

Slice Logic Distribution: 
 Number of LUT Flip Flop pairs used:     74
   Number with an unused Flip Flop:      19  out of     74    25%  
   Number with an unused LUT:            36  out of     74    48%  
   Number of fully used LUT-FF pairs:    19  out of     74    25%  
   Number of unique control sets:         5

IO Utilization: 
 Number of IOs:                          40
 Number of bonded IOBs:                  40  out of    210    19%  

Specific Feature Utilization:
 Number of BUFG/BUFGCTRLs:                1  out of     32     3%  

---------------------------
Partition Resource Summary:
---------------------------

  No Partitions were found in this design.

---------------------------


=========================================================================
Timing Report

NOTE: THESE TIMING NUMBERS ARE ONLY A SYNTHESIS ESTIMATE.
      FOR ACCURATE TIMING INFORMATION PLEASE REFER TO THE TRACE REPORT
      GENERATED AFTER PLACE-and-ROUTE.

Clock Information:
------------------
-----------------------------------+------------------------+-------+
Clock Signal                       | Clock buffer(FF name)  | Load  |
-----------------------------------+------------------------+-------+
Clk                                | BUFGP                  | 55    |
-----------------------------------+------------------------+-------+

Asynchronous Control Signals Information:
----------------------------------------
No asynchronous control signals found in this design

Timing Summary:
---------------
Speed Grade: -3

   Minimum period: 1.172ns (Maximum Frequency: 852.951MHz)
   Minimum input arrival time before clock: 0.990ns
   Maximum output required time after clock: 2.635ns
   Maximum combinational path delay: 0.889ns

Timing Details:
---------------
All values displayed in nanoseconds (ns)

=========================================================================
Timing constraint: Default period analysis for Clock 'Clk'
  Clock period: 1.172ns (frequency: 852.951MHz)
  Total number of paths / destination ports: 63 / 39
-------------------------------------------------------------------------
Delay:               1.172ns (Levels of Logic = 1)
  Source:            ThisPC/Output_3 (FF)
  Destination:       ThisPC/pcreg_3 (FF)
  Source Clock:      Clk rising
  Destination Clock: Clk rising

  Data Path: ThisPC/Output_3 to ThisPC/pcreg_3
                                Gate     Net
    Cell:in->out      fanout   Delay   Delay  Logical Name (Net Name)
    ----------------------------------------  ------------
     FD:C->Q               6   0.361   0.706  ThisPC/Output_3 (ThisPC/Output_3)
     LUT6:I1->O            1   0.097   0.000  ThisJSM/Mmux_out41 (outJSM<3>)
     FDRE:D                    0.008          ThisPC/pcreg_3
    ----------------------------------------
    Total                      1.172ns (0.466ns logic, 0.706ns route)
                                       (39.7% logic, 60.3% route)

=========================================================================
Timing constraint: Default OFFSET IN BEFORE for Clock 'Clk'
  Total number of paths / destination ports: 103 / 70
-------------------------------------------------------------------------
Offset:              0.990ns (Levels of Logic = 2)
  Source:            Reset (PAD)
  Destination:       ThisregA/file_7 (FF)
  Destination Clock: Clk rising

  Data Path: Reset to ThisregA/file_7
                                Gate     Net
    Cell:in->out      fanout   Delay   Delay  Logical Name (Net Name)
    ----------------------------------------  ------------
     IBUF:I->O            29   0.001   0.486  Reset_IBUF (Reset_IBUF)
     LUT2:I0->O            8   0.097   0.311  ThisregA/_n0020_inv1 (ThisregA/_n0020_inv)
     FDRE:CE                   0.095          ThisregA/file_0
    ----------------------------------------
    Total                      0.990ns (0.193ns logic, 0.797ns route)
                                       (19.5% logic, 80.5% route)

=========================================================================
Timing constraint: Default OFFSET OUT AFTER for Clock 'Clk'
  Total number of paths / destination ports: 51 / 5
-------------------------------------------------------------------------
Offset:              2.635ns (Levels of Logic = 11)
  Source:            ThisregA/out_0 (FF)
  Destination:       cout (PAD)
  Source Clock:      Clk rising

  Data Path: ThisregA/out_0 to cout
                                Gate     Net
    Cell:in->out      fanout   Delay   Delay  Logical Name (Net Name)
    ----------------------------------------  ------------
     FD:C->Q               2   0.361   0.383  ThisregA/out_0 (ThisregA/out_0)
     LUT2:I0->O            1   0.097   0.000  calculator/Msub_A[7]_B[7]_sub_4_OUT[7:0]_lut<0> (calculator/Msub_A[7]_B[7]_sub_4_OUT[7:0]_lut<0>)
     MUXCY:S->O            1   0.353   0.000  calculator/Msub_A[7]_B[7]_sub_4_OUT[7:0]_cy<0> (calculator/Msub_A[7]_B[7]_sub_4_OUT[7:0]_cy<0>)
     MUXCY:CI->O           1   0.023   0.000  calculator/Msub_A[7]_B[7]_sub_4_OUT[7:0]_cy<1> (calculator/Msub_A[7]_B[7]_sub_4_OUT[7:0]_cy<1>)
     MUXCY:CI->O           1   0.023   0.000  calculator/Msub_A[7]_B[7]_sub_4_OUT[7:0]_cy<2> (calculator/Msub_A[7]_B[7]_sub_4_OUT[7:0]_cy<2>)
     MUXCY:CI->O           1   0.023   0.000  calculator/Msub_A[7]_B[7]_sub_4_OUT[7:0]_cy<3> (calculator/Msub_A[7]_B[7]_sub_4_OUT[7:0]_cy<3>)
     MUXCY:CI->O           1   0.023   0.000  calculator/Msub_A[7]_B[7]_sub_4_OUT[7:0]_cy<4> (calculator/Msub_A[7]_B[7]_sub_4_OUT[7:0]_cy<4>)
     MUXCY:CI->O           1   0.023   0.000  calculator/Msub_A[7]_B[7]_sub_4_OUT[7:0]_cy<5> (calculator/Msub_A[7]_B[7]_sub_4_OUT[7:0]_cy<5>)
     MUXCY:CI->O           0   0.023   0.000  calculator/Msub_A[7]_B[7]_sub_4_OUT[7:0]_cy<6> (calculator/Msub_A[7]_B[7]_sub_4_OUT[7:0]_cy<6>)
     XORCY:CI->O           1   0.370   0.556  calculator/Msub_A[7]_B[7]_sub_4_OUT[7:0]_xor<7> (calculator/A[7]_B[7]_sub_4_OUT[7:0]<7>)
     LUT4:I0->O            1   0.097   0.279  calculator/Mmux_cout_BUS_0001_MUX_54_o11 (cout_OBUF)
     OBUF:I->O                 0.000          cout_OBUF (cout)
    ----------------------------------------
    Total                      2.635ns (1.416ns logic, 1.219ns route)
                                       (53.7% logic, 46.3% route)

=========================================================================
Timing constraint: Default path analysis
  Total number of paths / destination ports: 2 / 1
-------------------------------------------------------------------------
Delay:               0.889ns (Levels of Logic = 3)
  Source:            SelectMode<1> (PAD)
  Destination:       cout (PAD)

  Data Path: SelectMode<1> to cout
                                Gate     Net
    Cell:in->out      fanout   Delay   Delay  Logical Name (Net Name)
    ----------------------------------------  ------------
     IBUF:I->O             1   0.001   0.511  SelectMode_1_IBUF (SelectMode_1_IBUF)
     LUT4:I1->O            1   0.097   0.279  calculator/Mmux_cout_BUS_0001_MUX_54_o11 (cout_OBUF)
     OBUF:I->O                 0.000          cout_OBUF (cout)
    ----------------------------------------
    Total                      0.889ns (0.098ns logic, 0.791ns route)
                                       (11.0% logic, 89.0% route)

=========================================================================

Cross Clock Domains Report:
--------------------------

Clock to Setup on destination clock Clk
---------------+---------+---------+---------+---------+
               | Src:Rise| Src:Fall| Src:Rise| Src:Fall|
Source Clock   |Dest:Rise|Dest:Rise|Dest:Fall|Dest:Fall|
---------------+---------+---------+---------+---------+
Clk            |    1.172|         |         |         |
---------------+---------+---------+---------+---------+

=========================================================================


Total REAL time to Xst completion: 5.00 secs
Total CPU time to Xst completion: 4.96 secs
 
--> 


Total memory usage is 601496 kilobytes

Number of errors   :    0 (   0 filtered)
Number of warnings :   61 (   0 filtered)
Number of infos    :    4 (   0 filtered)

